2014/11/03 10:40:01 INFO  - jmeter.util.JMeterUtils: Setting Locale to en_US 
2014/11/03 10:40:01 INFO  - jmeter.JMeter: Loading user properties from: /usr/local/Cellar/jmeter/2.11/libexec/bin/user.properties 
2014/11/03 10:40:01 INFO  - jmeter.JMeter: Loading system properties from: /usr/local/Cellar/jmeter/2.11/libexec/bin/system.properties 
2014/11/03 10:40:01 INFO  - jmeter.JMeter: Copyright (c) 1998-2014 The Apache Software Foundation 
2014/11/03 10:40:01 INFO  - jmeter.JMeter: Version 2.11 r1554548 
2014/11/03 10:40:01 INFO  - jmeter.JMeter: java.version=1.7.0_71 
2014/11/03 10:40:01 INFO  - jmeter.JMeter: java.vm.name=Java HotSpot(TM) 64-Bit Server VM 
2014/11/03 10:40:01 INFO  - jmeter.JMeter: os.name=Mac OS X 
2014/11/03 10:40:01 INFO  - jmeter.JMeter: os.arch=x86_64 
2014/11/03 10:40:01 INFO  - jmeter.JMeter: os.version=10.10 
2014/11/03 10:40:01 INFO  - jmeter.JMeter: file.encoding=UTF-8 
2014/11/03 10:40:01 INFO  - jmeter.JMeter: Default Locale=English (United States) 
2014/11/03 10:40:01 INFO  - jmeter.JMeter: JMeter  Locale=English (United States) 
2014/11/03 10:40:01 INFO  - jmeter.JMeter: JMeterHome=/usr/local/Cellar/jmeter/2.11/libexec 
2014/11/03 10:40:01 INFO  - jmeter.JMeter: user.dir  =/Users/medullanuser/Documents/AIM/meda 
2014/11/03 10:40:01 INFO  - jmeter.JMeter: PWD       =/Users/medullanuser/Documents/AIM/meda 
2014/11/03 10:40:01 INFO  - jmeter.JMeter: IP: 192.168.10.68 Name: C1MMJU1UDTY3.local FullName: 192.168.10.68 
2014/11/03 10:40:01 INFO  - jmeter.JMeter: Loaded icon properties from org/apache/jmeter/images/icon.properties 
2014/11/03 10:40:06 INFO  - jmeter.engine.util.CompoundVariable: Note: Function class names must contain the string: '.functions.' 
2014/11/03 10:40:06 INFO  - jmeter.engine.util.CompoundVariable: Note: Function class names must not contain the string: '.gui.' 
2014/11/03 10:40:07 INFO  - jmeter.gui.action.LookAndFeelCommand: Using look and feel: com.apple.laf.AquaLookAndFeel [Mac OS X, System] 
2014/11/03 10:40:09 INFO  - jmeter.gui.util.MenuFactory: Skipping kg.apc.jmeter.config.VariablesFromCSVFile 
2014/11/03 10:40:10 INFO  - jmeter.util.BSFTestElement: Registering JMeter version of JavaScript engine as work-round for BSF-22 
2014/11/03 10:40:11 INFO  - jmeter.protocol.http.sampler.HTTPSamplerBase: Cannot find .className property for htmlParser, using default 
2014/11/03 10:40:11 INFO  - jmeter.protocol.http.sampler.HTTPSamplerBase: Parser for text/html is  
2014/11/03 10:40:11 INFO  - jmeter.protocol.http.sampler.HTTPSamplerBase: Parser for application/xhtml+xml is  
2014/11/03 10:40:11 INFO  - jmeter.protocol.http.sampler.HTTPSamplerBase: Parser for application/xml is  
2014/11/03 10:40:11 INFO  - jmeter.protocol.http.sampler.HTTPSamplerBase: Parser for text/xml is  
2014/11/03 10:40:11 INFO  - jmeter.protocol.http.sampler.HTTPSamplerBase: Parser for text/vnd.wap.wml is org.apache.jmeter.protocol.http.parser.RegexpHTMLParser 
2014/11/03 10:40:11 INFO  - jmeter.gui.util.MenuFactory: Skipping org.apache.jmeter.protocol.http.control.gui.WebServiceSamplerGui 
2014/11/03 10:40:11 INFO  - jmeter.gui.util.MenuFactory: Skipping org.apache.jmeter.protocol.http.modifier.gui.ParamModifierGui 
2014/11/03 10:40:11 INFO  - jorphan.exec.KeyToolUtils: keytool found at 'keytool' 
2014/11/03 10:40:11 INFO  - jmeter.protocol.http.proxy.ProxyControl: HTTP(S) Test Script Recorder SSL Proxy will use keys that support embedded 3rd party resources in file /usr/local/Cellar/jmeter/2.11/libexec/bin/proxyserver.jks 
2014/11/03 10:40:13 INFO  - jmeter.samplers.SampleResult: Note: Sample TimeStamps are START times 
2014/11/03 10:40:13 INFO  - jmeter.samplers.SampleResult: sampleresult.default.encoding is set to ISO-8859-1 
2014/11/03 10:40:13 INFO  - jmeter.samplers.SampleResult: sampleresult.useNanoTime=true 
2014/11/03 10:40:13 INFO  - jmeter.samplers.SampleResult: sampleresult.nanoThreadSleep=5000 
2014/11/03 10:40:37 INFO  - jmeter.services.FileServer: Default base='/Users/medullanuser/Documents/AIM/meda' 
2014/11/03 10:40:37 INFO  - jmeter.gui.action.Load: Loading file: /Users/medullanuser/Documents/AIM/meda/perf/results/perf_test_10.jmx 
2014/11/03 10:40:37 INFO  - jmeter.services.FileServer: Set new base='/Users/medullanuser/Documents/AIM/meda/perf/results' 
2014/11/03 10:40:38 INFO  - jmeter.save.SaveService: Testplan (JMX) version: 2.2. Testlog (JTL) version: 2.2 
2014/11/03 10:40:38 INFO  - jmeter.save.SaveService: Using SaveService properties file encoding UTF-8 
2014/11/03 10:40:38 INFO  - jmeter.save.SaveService: Using SaveService properties version 2.6 
2014/11/03 10:40:38 INFO  - jmeter.save.SaveService: Using SaveService properties file version 1554411 
2014/11/03 10:40:38 INFO  - jmeter.save.SaveService: All converter versions present and correct 
2014/11/03 10:40:38 INFO  - jmeter.services.FileServer: Set new base='/Users/medullanuser/Documents/AIM/meda/perf/results' 
2014/11/03 10:41:52 INFO  - jmeter.engine.StandardJMeterEngine: Listeners will be started after enabling running version 
2014/11/03 10:41:52 INFO  - jmeter.engine.StandardJMeterEngine: To revert to the earlier behaviour, define jmeterengine.startlistenerslater=false 
2014/11/03 10:41:52 INFO  - jmeter.engine.StandardJMeterEngine: Running the test! 
2014/11/03 10:41:53 INFO  - jmeter.samplers.SampleEvent: List of sample_variables: [] 
2014/11/03 10:41:53 INFO  - jmeter.samplers.SampleEvent: List of sample_variables: [] 
2014/11/03 10:41:53 INFO  - jmeter.gui.util.JMeterMenuBar: setRunning(true,*local*) 
2014/11/03 10:41:53 INFO  - jmeter.engine.StandardJMeterEngine: Starting ThreadGroup: 1 : ThreadGroup 
2014/11/03 10:41:53 INFO  - jmeter.engine.StandardJMeterEngine: Starting 10 threads for group ThreadGroup. 
2014/11/03 10:41:53 INFO  - jmeter.engine.StandardJMeterEngine: Thread will continue on error 
2014/11/03 10:41:53 INFO  - jmeter.threads.ThreadGroup: Starting thread group number 1 threads 10 ramp-up 10 perThread 1000.0 delayedStart=true 
2014/11/03 10:41:53 INFO  - jmeter.threads.ThreadGroup: Started thread group number 1 
2014/11/03 10:41:53 INFO  - jmeter.engine.StandardJMeterEngine: All thread groups have been started 
2014/11/03 10:41:53 INFO  - jmeter.threads.JMeterThread: jmeterthread.startearlier=true (see jmeter.properties) 
2014/11/03 10:41:53 INFO  - jmeter.threads.JMeterThread: Running PostProcessors in forward order 
2014/11/03 10:41:53 INFO  - jmeter.threads.JMeterThread: Thread started: ThreadGroup 1-1 
2014/11/03 10:41:53 INFO  - jmeter.protocol.http.sampler.HTTPHCAbstractImpl: Local host = C1MMJU1UDTY3.local 
2014/11/03 10:41:53 INFO  - jmeter.protocol.http.sampler.HTTPHC4Impl: HTTP request retry count = 0 
2014/11/03 10:41:53 INFO  - jmeter.protocol.http.sampler.HTTPHC4Impl: Setting up HTTPS TrustAll scheme 
2014/11/03 10:41:53 INFO  - jmeter.util.JsseSSLManager: Using default SSL protocol: TLS 
2014/11/03 10:41:53 INFO  - jmeter.util.JsseSSLManager: SSL session context: per-thread 
2014/11/03 10:41:54 INFO  - jmeter.threads.JMeterThread: Thread started: ThreadGroup 1-2 
2014/11/03 10:41:55 INFO  - jmeter.threads.JMeterThread: Thread started: ThreadGroup 1-3 
2014/11/03 10:41:56 INFO  - jmeter.threads.JMeterThread: Thread started: ThreadGroup 1-4 
2014/11/03 10:41:57 INFO  - jmeter.threads.JMeterThread: Thread started: ThreadGroup 1-5 
2014/11/03 10:41:58 INFO  - jmeter.threads.JMeterThread: Thread started: ThreadGroup 1-6 
2014/11/03 10:41:59 INFO  - jmeter.threads.JMeterThread: Thread started: ThreadGroup 1-7 
2014/11/03 10:42:00 INFO  - jmeter.threads.JMeterThread: Thread started: ThreadGroup 1-8 
2014/11/03 10:42:01 INFO  - jmeter.threads.JMeterThread: Thread started: ThreadGroup 1-9 
2014/11/03 10:42:02 INFO  - jmeter.threads.JMeterThread: Thread started: ThreadGroup 1-10 
2014/11/03 10:42:16 INFO  - jmeter.threads.JMeterThread: Thread finished: ThreadGroup 1-1 
2014/11/03 10:42:16 INFO  - jmeter.threads.JMeterThread: Thread finished: ThreadGroup 1-2 
2014/11/03 10:42:18 INFO  - jmeter.threads.JMeterThread: Thread finished: ThreadGroup 1-3 
2014/11/03 10:42:19 INFO  - jmeter.threads.JMeterThread: Thread finished: ThreadGroup 1-4 
2014/11/03 10:42:19 INFO  - jmeter.threads.JMeterThread: Thread finished: ThreadGroup 1-5 
2014/11/03 10:42:21 INFO  - jmeter.threads.JMeterThread: Thread finished: ThreadGroup 1-6 
2014/11/03 10:42:22 INFO  - jmeter.threads.JMeterThread: Thread finished: ThreadGroup 1-7 
2014/11/03 10:42:22 INFO  - jmeter.threads.JMeterThread: Thread finished: ThreadGroup 1-8 
2014/11/03 10:42:23 INFO  - jmeter.threads.JMeterThread: Thread finished: ThreadGroup 1-9 
2014/11/03 10:42:24 INFO  - jmeter.threads.JMeterThread: Thread finished: ThreadGroup 1-10 
2014/11/03 10:42:24 INFO  - jmeter.engine.StandardJMeterEngine: Notifying test listeners of end of test 
2014/11/03 10:42:24 INFO  - jmeter.gui.util.JMeterMenuBar: setRunning(false,*local*) 
2014/11/03 10:46:49 INFO  - jmeter.engine.StandardJMeterEngine: Running the test! 
2014/11/03 10:46:49 INFO  - jmeter.samplers.SampleEvent: List of sample_variables: [] 
2014/11/03 10:46:49 INFO  - jmeter.gui.util.JMeterMenuBar: setRunning(true,*local*) 
2014/11/03 10:46:49 INFO  - jmeter.engine.StandardJMeterEngine: Starting ThreadGroup: 1 : ThreadGroup 
2014/11/03 10:46:49 INFO  - jmeter.engine.StandardJMeterEngine: Starting 10 threads for group ThreadGroup. 
2014/11/03 10:46:49 INFO  - jmeter.engine.StandardJMeterEngine: Thread will continue on error 
2014/11/03 10:46:49 INFO  - jmeter.threads.ThreadGroup: Starting thread group number 1 threads 10 ramp-up 10 perThread 1000.0 delayedStart=true 
2014/11/03 10:46:49 INFO  - jmeter.threads.ThreadGroup: Started thread group number 1 
2014/11/03 10:46:49 INFO  - jmeter.engine.StandardJMeterEngine: All thread groups have been started 
2014/11/03 10:46:49 INFO  - jmeter.threads.JMeterThread: Thread started: ThreadGroup 1-1 
2014/11/03 10:46:50 INFO  - jmeter.threads.JMeterThread: Thread started: ThreadGroup 1-2 
2014/11/03 10:46:51 INFO  - jmeter.threads.JMeterThread: Thread started: ThreadGroup 1-3 
2014/11/03 10:46:52 INFO  - jmeter.threads.JMeterThread: Thread started: ThreadGroup 1-4 
2014/11/03 10:46:53 INFO  - jmeter.threads.JMeterThread: Thread started: ThreadGroup 1-5 
2014/11/03 10:46:54 INFO  - jmeter.threads.JMeterThread: Thread started: ThreadGroup 1-6 
2014/11/03 10:46:55 INFO  - jmeter.threads.JMeterThread: Thread started: ThreadGroup 1-7 
2014/11/03 10:46:56 INFO  - jmeter.threads.JMeterThread: Thread started: ThreadGroup 1-8 
2014/11/03 10:46:57 INFO  - jmeter.threads.JMeterThread: Thread started: ThreadGroup 1-9 
2014/11/03 10:46:58 INFO  - jmeter.threads.JMeterThread: Thread started: ThreadGroup 1-10 
2014/11/03 10:47:12 INFO  - jmeter.threads.JMeterThread: Thread finished: ThreadGroup 1-1 
2014/11/03 10:47:12 INFO  - jmeter.threads.JMeterThread: Thread finished: ThreadGroup 1-2 
2014/11/03 10:47:13 INFO  - jmeter.threads.JMeterThread: Thread finished: ThreadGroup 1-3 
2014/11/03 10:47:14 INFO  - jmeter.threads.JMeterThread: Thread finished: ThreadGroup 1-4 
2014/11/03 10:47:15 INFO  - jmeter.threads.JMeterThread: Thread finished: ThreadGroup 1-5 
2014/11/03 10:47:16 INFO  - jmeter.threads.JMeterThread: Thread finished: ThreadGroup 1-6 
2014/11/03 10:47:17 INFO  - jmeter.threads.JMeterThread: Thread finished: ThreadGroup 1-7 
2014/11/03 10:47:18 INFO  - jmeter.threads.JMeterThread: Thread finished: ThreadGroup 1-8 
2014/11/03 10:47:19 INFO  - jmeter.threads.JMeterThread: Thread finished: ThreadGroup 1-9 
2014/11/03 10:47:20 INFO  - jmeter.threads.JMeterThread: Thread finished: ThreadGroup 1-10 
2014/11/03 10:47:20 INFO  - jmeter.engine.StandardJMeterEngine: Notifying test listeners of end of test 
2014/11/03 10:47:20 INFO  - jmeter.gui.util.JMeterMenuBar: setRunning(false,*local*) 
2014/11/03 10:50:27 INFO  - jmeter.engine.StandardJMeterEngine: Running the test! 
2014/11/03 10:50:27 INFO  - jmeter.samplers.SampleEvent: List of sample_variables: [] 
2014/11/03 10:50:28 INFO  - jmeter.gui.util.JMeterMenuBar: setRunning(true,*local*) 
2014/11/03 10:50:28 INFO  - jmeter.engine.StandardJMeterEngine: Starting ThreadGroup: 1 : ThreadGroup 
2014/11/03 10:50:28 INFO  - jmeter.engine.StandardJMeterEngine: Starting 10 threads for group ThreadGroup. 
2014/11/03 10:50:28 INFO  - jmeter.engine.StandardJMeterEngine: Thread will continue on error 
2014/11/03 10:50:28 INFO  - jmeter.threads.ThreadGroup: Starting thread group number 1 threads 10 ramp-up 10 perThread 1000.0 delayedStart=true 
2014/11/03 10:50:28 INFO  - jmeter.threads.ThreadGroup: Started thread group number 1 
2014/11/03 10:50:28 INFO  - jmeter.engine.StandardJMeterEngine: All thread groups have been started 
2014/11/03 10:50:28 INFO  - jmeter.threads.JMeterThread: Thread started: ThreadGroup 1-1 
2014/11/03 10:50:29 INFO  - jmeter.threads.JMeterThread: Thread started: ThreadGroup 1-2 
2014/11/03 10:50:30 INFO  - jmeter.threads.JMeterThread: Thread started: ThreadGroup 1-3 
2014/11/03 10:50:31 INFO  - jmeter.threads.JMeterThread: Thread started: ThreadGroup 1-4 
2014/11/03 10:50:32 INFO  - jmeter.threads.JMeterThread: Thread started: ThreadGroup 1-5 
2014/11/03 10:50:33 INFO  - jmeter.threads.JMeterThread: Thread started: ThreadGroup 1-6 
2014/11/03 10:50:34 INFO  - jmeter.threads.JMeterThread: Thread started: ThreadGroup 1-7 
2014/11/03 10:50:35 INFO  - jmeter.threads.JMeterThread: Thread started: ThreadGroup 1-8 
2014/11/03 10:50:36 INFO  - jmeter.threads.JMeterThread: Thread started: ThreadGroup 1-9 
2014/11/03 10:50:37 INFO  - jmeter.threads.JMeterThread: Thread started: ThreadGroup 1-10 
2014/11/03 10:50:53 INFO  - jmeter.threads.JMeterThread: Thread finished: ThreadGroup 1-1 
2014/11/03 10:50:53 INFO  - jmeter.threads.JMeterThread: Thread finished: ThreadGroup 1-2 
2014/11/03 10:50:54 INFO  - jmeter.threads.JMeterThread: Thread finished: ThreadGroup 1-3 
2014/11/03 10:50:55 INFO  - jmeter.threads.JMeterThread: Thread finished: ThreadGroup 1-4 
2014/11/03 10:50:56 INFO  - jmeter.threads.JMeterThread: Thread finished: ThreadGroup 1-5 
2014/11/03 10:50:56 INFO  - jmeter.threads.JMeterThread: Thread finished: ThreadGroup 1-6 
2014/11/03 10:50:57 INFO  - jmeter.threads.JMeterThread: Thread finished: ThreadGroup 1-7 
2014/11/03 10:50:58 INFO  - jmeter.threads.JMeterThread: Thread finished: ThreadGroup 1-8 
2014/11/03 10:50:59 INFO  - jmeter.threads.JMeterThread: Thread finished: ThreadGroup 1-9 
2014/11/03 10:51:00 INFO  - jmeter.threads.JMeterThread: Thread finished: ThreadGroup 1-10 
2014/11/03 10:51:00 INFO  - jmeter.engine.StandardJMeterEngine: Notifying test listeners of end of test 
2014/11/03 10:51:00 INFO  - jmeter.gui.util.JMeterMenuBar: setRunning(false,*local*) 
2014/11/03 10:51:36 INFO  - jmeter.engine.StandardJMeterEngine: Running the test! 
2014/11/03 10:51:36 INFO  - jmeter.samplers.SampleEvent: List of sample_variables: [] 
2014/11/03 10:51:36 INFO  - jmeter.gui.util.JMeterMenuBar: setRunning(true,*local*) 
2014/11/03 10:51:36 INFO  - jmeter.engine.StandardJMeterEngine: Starting ThreadGroup: 1 : ThreadGroup 
2014/11/03 10:51:36 INFO  - jmeter.engine.StandardJMeterEngine: Starting 10 threads for group ThreadGroup. 
2014/11/03 10:51:36 INFO  - jmeter.engine.StandardJMeterEngine: Thread will continue on error 
2014/11/03 10:51:36 INFO  - jmeter.threads.ThreadGroup: Starting thread group number 1 threads 10 ramp-up 10 perThread 1000.0 delayedStart=true 
2014/11/03 10:51:36 INFO  - jmeter.threads.ThreadGroup: Started thread group number 1 
2014/11/03 10:51:36 INFO  - jmeter.engine.StandardJMeterEngine: All thread groups have been started 
2014/11/03 10:51:36 INFO  - jmeter.threads.JMeterThread: Thread started: ThreadGroup 1-1 
2014/11/03 10:51:37 INFO  - jmeter.threads.JMeterThread: Thread started: ThreadGroup 1-2 
2014/11/03 10:51:38 INFO  - jmeter.threads.JMeterThread: Thread started: ThreadGroup 1-3 
2014/11/03 10:51:39 INFO  - jmeter.threads.JMeterThread: Thread started: ThreadGroup 1-4 
2014/11/03 10:51:40 INFO  - jmeter.threads.JMeterThread: Thread started: ThreadGroup 1-5 
2014/11/03 10:51:41 INFO  - jmeter.threads.JMeterThread: Thread started: ThreadGroup 1-6 
2014/11/03 10:51:42 INFO  - jmeter.threads.JMeterThread: Thread started: ThreadGroup 1-7 
2014/11/03 10:51:43 INFO  - jmeter.threads.JMeterThread: Thread started: ThreadGroup 1-8 
2014/11/03 10:51:44 INFO  - jmeter.threads.JMeterThread: Thread started: ThreadGroup 1-9 
2014/11/03 10:51:45 INFO  - jmeter.threads.JMeterThread: Thread started: ThreadGroup 1-10 
2014/11/03 10:52:00 INFO  - jmeter.threads.JMeterThread: Thread finished: ThreadGroup 1-1 
2014/11/03 10:52:01 INFO  - jmeter.threads.JMeterThread: Thread finished: ThreadGroup 1-2 
2014/11/03 10:52:02 INFO  - jmeter.threads.JMeterThread: Thread finished: ThreadGroup 1-3 
2014/11/03 10:52:03 INFO  - jmeter.threads.JMeterThread: Thread finished: ThreadGroup 1-4 
2014/11/03 10:52:04 INFO  - jmeter.threads.JMeterThread: Thread finished: ThreadGroup 1-5 
2014/11/03 10:52:05 INFO  - jmeter.threads.JMeterThread: Thread finished: ThreadGroup 1-6 
2014/11/03 10:52:06 INFO  - jmeter.threads.JMeterThread: Thread finished: ThreadGroup 1-7 
2014/11/03 10:52:06 INFO  - jmeter.threads.JMeterThread: Thread finished: ThreadGroup 1-8 
2014/11/03 10:52:08 INFO  - jmeter.threads.JMeterThread: Thread finished: ThreadGroup 1-9 
2014/11/03 10:52:10 INFO  - jmeter.threads.JMeterThread: Thread finished: ThreadGroup 1-10 
2014/11/03 10:52:10 INFO  - jmeter.engine.StandardJMeterEngine: Notifying test listeners of end of test 
2014/11/03 10:52:10 INFO  - jmeter.gui.util.JMeterMenuBar: setRunning(false,*local*) 
2014/11/03 10:58:18 INFO  - jmeter.engine.StandardJMeterEngine: Running the test! 
2014/11/03 10:58:18 INFO  - jmeter.samplers.SampleEvent: List of sample_variables: [] 
2014/11/03 10:58:18 INFO  - jmeter.gui.util.JMeterMenuBar: setRunning(true,*local*) 
2014/11/03 10:58:18 INFO  - jmeter.engine.StandardJMeterEngine: Starting ThreadGroup: 1 : ThreadGroup 
2014/11/03 10:58:18 INFO  - jmeter.engine.StandardJMeterEngine: Starting 10 threads for group ThreadGroup. 
2014/11/03 10:58:18 INFO  - jmeter.engine.StandardJMeterEngine: Thread will continue on error 
2014/11/03 10:58:18 INFO  - jmeter.threads.ThreadGroup: Starting thread group number 1 threads 10 ramp-up 10 perThread 1000.0 delayedStart=true 
2014/11/03 10:58:18 INFO  - jmeter.threads.ThreadGroup: Started thread group number 1 
2014/11/03 10:58:18 INFO  - jmeter.engine.StandardJMeterEngine: All thread groups have been started 
2014/11/03 10:58:18 INFO  - jmeter.threads.JMeterThread: Thread started: ThreadGroup 1-1 
2014/11/03 10:58:19 INFO  - jmeter.threads.JMeterThread: Thread started: ThreadGroup 1-2 
2014/11/03 10:58:20 INFO  - jmeter.threads.JMeterThread: Thread started: ThreadGroup 1-3 
2014/11/03 10:58:21 INFO  - jmeter.threads.JMeterThread: Thread started: ThreadGroup 1-4 
2014/11/03 10:58:22 INFO  - jmeter.threads.JMeterThread: Thread started: ThreadGroup 1-5 
2014/11/03 10:58:23 INFO  - jmeter.threads.JMeterThread: Thread started: ThreadGroup 1-6 
2014/11/03 10:58:24 INFO  - jmeter.threads.JMeterThread: Thread started: ThreadGroup 1-7 
2014/11/03 10:58:25 INFO  - jmeter.threads.JMeterThread: Thread started: ThreadGroup 1-8 
2014/11/03 10:58:26 INFO  - jmeter.threads.JMeterThread: Thread started: ThreadGroup 1-9 
2014/11/03 10:58:27 INFO  - jmeter.threads.JMeterThread: Thread started: ThreadGroup 1-10 
2014/11/03 10:58:32 INFO  - jmeter.threads.JMeterThread: Thread finished: ThreadGroup 1-1 
2014/11/03 10:58:32 INFO  - jmeter.threads.JMeterThread: Thread finished: ThreadGroup 1-2 
2014/11/03 10:58:33 INFO  - jmeter.threads.JMeterThread: Thread finished: ThreadGroup 1-3 
2014/11/03 10:58:34 INFO  - jmeter.threads.JMeterThread: Thread finished: ThreadGroup 1-4 
2014/11/03 10:58:36 INFO  - jmeter.threads.JMeterThread: Thread finished: ThreadGroup 1-5 
2014/11/03 10:58:37 INFO  - jmeter.threads.JMeterThread: Thread finished: ThreadGroup 1-6 
2014/11/03 10:58:37 INFO  - jmeter.threads.JMeterThread: Thread finished: ThreadGroup 1-7 
2014/11/03 10:58:38 INFO  - jmeter.threads.JMeterThread: Thread finished: ThreadGroup 1-8 
2014/11/03 10:58:39 INFO  - jmeter.threads.JMeterThread: Thread finished: ThreadGroup 1-9 
2014/11/03 10:58:40 INFO  - jmeter.threads.JMeterThread: Thread finished: ThreadGroup 1-10 
2014/11/03 10:58:40 INFO  - jmeter.engine.StandardJMeterEngine: Notifying test listeners of end of test 
2014/11/03 10:58:40 INFO  - jmeter.gui.util.JMeterMenuBar: setRunning(false,*local*) 
2014/11/03 11:03:05 INFO  - jmeter.engine.StandardJMeterEngine: Running the test! 
2014/11/03 11:03:05 INFO  - jmeter.samplers.SampleEvent: List of sample_variables: [] 
2014/11/03 11:03:05 INFO  - jmeter.gui.util.JMeterMenuBar: setRunning(true,*local*) 
2014/11/03 11:03:05 INFO  - jmeter.engine.StandardJMeterEngine: Starting ThreadGroup: 1 : ThreadGroup 
2014/11/03 11:03:05 INFO  - jmeter.engine.StandardJMeterEngine: Starting 10 threads for group ThreadGroup. 
2014/11/03 11:03:05 INFO  - jmeter.engine.StandardJMeterEngine: Thread will continue on error 
2014/11/03 11:03:05 INFO  - jmeter.threads.ThreadGroup: Starting thread group number 1 threads 10 ramp-up 10 perThread 1000.0 delayedStart=true 
2014/11/03 11:03:05 INFO  - jmeter.threads.ThreadGroup: Started thread group number 1 
2014/11/03 11:03:05 INFO  - jmeter.engine.StandardJMeterEngine: All thread groups have been started 
2014/11/03 11:03:05 INFO  - jmeter.threads.JMeterThread: Thread started: ThreadGroup 1-1 
2014/11/03 11:03:06 INFO  - jmeter.threads.JMeterThread: Thread started: ThreadGroup 1-2 
2014/11/03 11:03:07 INFO  - jmeter.threads.JMeterThread: Thread started: ThreadGroup 1-3 
2014/11/03 11:03:08 INFO  - jmeter.threads.JMeterThread: Thread started: ThreadGroup 1-4 
2014/11/03 11:03:09 INFO  - jmeter.threads.JMeterThread: Thread started: ThreadGroup 1-5 
2014/11/03 11:03:10 INFO  - jmeter.threads.JMeterThread: Thread started: ThreadGroup 1-6 
2014/11/03 11:03:11 INFO  - jmeter.threads.JMeterThread: Thread started: ThreadGroup 1-7 
2014/11/03 11:03:12 INFO  - jmeter.threads.JMeterThread: Thread started: ThreadGroup 1-8 
2014/11/03 11:03:13 INFO  - jmeter.threads.JMeterThread: Thread started: ThreadGroup 1-9 
2014/11/03 11:03:14 INFO  - jmeter.threads.JMeterThread: Thread started: ThreadGroup 1-10 
2014/11/03 11:03:30 INFO  - jmeter.threads.JMeterThread: Thread finished: ThreadGroup 1-2 
2014/11/03 11:03:30 INFO  - jmeter.threads.JMeterThread: Thread finished: ThreadGroup 1-1 
2014/11/03 11:03:30 INFO  - jmeter.threads.JMeterThread: Thread finished: ThreadGroup 1-3 
2014/11/03 11:03:31 INFO  - jmeter.threads.JMeterThread: Thread finished: ThreadGroup 1-4 
2014/11/03 11:03:31 INFO  - jmeter.threads.JMeterThread: Thread finished: ThreadGroup 1-5 
2014/11/03 11:03:33 INFO  - jmeter.threads.JMeterThread: Thread finished: ThreadGroup 1-6 
2014/11/03 11:03:33 INFO  - jmeter.threads.JMeterThread: Thread finished: ThreadGroup 1-7 
2014/11/03 11:03:35 INFO  - jmeter.threads.JMeterThread: Thread finished: ThreadGroup 1-8 
2014/11/03 11:03:35 INFO  - jmeter.threads.JMeterThread: Thread finished: ThreadGroup 1-9 
2014/11/03 11:03:36 INFO  - jmeter.threads.JMeterThread: Thread finished: ThreadGroup 1-10 
2014/11/03 11:03:36 INFO  - jmeter.engine.StandardJMeterEngine: Notifying test listeners of end of test 
2014/11/03 11:03:36 INFO  - jmeter.gui.util.JMeterMenuBar: setRunning(false,*local*) 
